# JRE version: Java(TM) SE Runtime Environment (8.0_31-b13) (build 1.8.0_31-b13)
# Java VM: Java HotSpot(TM) 64-Bit Server VM (25.31-b07 mixed mode windows-amd64 compressed oops)
Heap:
 PSYoungGen      total 146432K, used 41436K [0x00000000d6180000, 0x00000000dff80000, 0x0000000100000000)
  eden space 131072K, 26% used [0x00000000d6180000,0x00000000d83fe848,0x00000000de180000)
  from space 15360K, 39% used [0x00000000df080000,0x00000000df678a28,0x00000000dff80000)
  to   space 15360K, 0% used [0x00000000de180000,0x00000000de180000,0x00000000df080000)
 ParOldGen       total 86016K, used 22904K [0x0000000082400000, 0x0000000087800000, 0x00000000d6180000)
  object space 86016K, 26% used [0x0000000082400000,0x0000000083a5e1b8,0x0000000087800000)
 Metaspace       used 11378K, capacity 11538K, committed 11648K, reserved 1060864K
  class space    used 1002K, capacity 1051K, committed 1152K, reserved 1048576K
GC Heap History (10 events):
Event: 2.241 GC heap before
{Heap before GC invocations=2 (full 0):
 PSYoungGen      total 37888K, used 37857K [0x00000000d6180000, 0x00000000d8b80000, 0x0000000100000000)
  eden space 32768K, 100% used [0x00000000d6180000,0x00000000d8180000,0x00000000d8180000)
  from space 5120K, 99% used [0x00000000d8180000,0x00000000d8678458,0x00000000d8680000)
  to   space 5120K, 0% used [0x00000000d8680000,0x00000000d8680000,0x00000000d8b80000)
 ParOldGen       total 86016K, used 3432K [0x0000000082400000, 0x0000000087800000, 0x00000000d6180000)
  object space 86016K, 3% used [0x0000000082400000,0x000000008275a098,0x0000000087800000)
 Metaspace       used 9405K, capacity 9554K, committed 9728K, reserved 1058816K
  class space    used 963K, capacity 987K, committed 1024K, reserved 1048576K
Event: 2.255 GC heap after
Heap after GC invocations=2 (full 0):
 PSYoungGen      total 37888K, used 5116K [0x00000000d6180000, 0x00000000d8b80000, 0x0000000100000000)
  eden space 32768K, 0% used [0x00000000d6180000,0x00000000d6180000,0x00000000d8180000)
  from space 5120K, 99% used [0x00000000d8680000,0x00000000d8b7f0d0,0x00000000d8b80000)
  to   space 5120K, 0% used [0x00000000d8180000,0x00000000d8180000,0x00000000d8680000)
 ParOldGen       total 86016K, used 12461K [0x0000000082400000, 0x0000000087800000, 0x00000000d6180000)
  object space 86016K, 14% used [0x0000000082400000,0x000000008302b698,0x0000000087800000)
 Metaspace       used 9405K, capacity 9554K, committed 9728K, reserved 1058816K
  class space    used 963K, capacity 987K, committed 1024K, reserved 1048576K
}
Event: 2.771 GC heap before
{Heap before GC invocations=3 (full 0):
 PSYoungGen      total 37888K, used 37884K [0x00000000d6180000, 0x00000000d8b80000, 0x0000000100000000)
  eden space 32768K, 100% used [0x00000000d6180000,0x00000000d8180000,0x00000000d8180000)
  from space 5120K, 99% used [0x00000000d8680000,0x00000000d8b7f0d0,0x00000000d8b80000)
  to   space 5120K, 0% used [0x00000000d8180000,0x00000000d8180000,0x00000000d8680000)
 ParOldGen       total 86016K, used 12461K [0x0000000082400000, 0x0000000087800000, 0x00000000d6180000)
  object space 86016K, 14% used [0x0000000082400000,0x000000008302b698,0x0000000087800000)
 Metaspace       used 9805K, capacity 9970K, committed 9984K, reserved 1058816K
  class space    used 983K, capacity 1019K, committed 1024K, reserved 1048576K
Event: 2.783 GC heap after
Heap after GC invocations=3 (full 0):
 PSYoungGen      total 37888K, used 5101K [0x00000000d6180000, 0x00000000dab80000, 0x0000000100000000)
  eden space 32768K, 0% used [0x00000000d6180000,0x00000000d6180000,0x00000000d8180000)
  from space 5120K, 99% used [0x00000000d8180000,0x00000000d867b528,0x00000000d8680000)
  to   space 5120K, 0% used [0x00000000da680000,0x00000000da680000,0x00000000dab80000)
 ParOldGen       total 86016K, used 17161K [0x0000000082400000, 0x0000000087800000, 0x00000000d6180000)
  object space 86016K, 19% used [0x0000000082400000,0x00000000834c2410,0x0000000087800000)
 Metaspace       used 9805K, capacity 9970K, committed 9984K, reserved 1058816K
  class space    used 983K, capacity 1019K, committed 1024K, reserved 1048576K
}
Event: 3.145 GC heap before
{Heap before GC invocations=4 (full 0):
 PSYoungGen      total 37888K, used 37869K [0x00000000d6180000, 0x00000000dab80000, 0x0000000100000000)
  eden space 32768K, 100% used [0x00000000d6180000,0x00000000d8180000,0x00000000d8180000)
  from space 5120K, 99% used [0x00000000d8180000,0x00000000d867b528,0x00000000d8680000)
  to   space 5120K, 0% used [0x00000000da680000,0x00000000da680000,0x00000000dab80000)
 ParOldGen       total 86016K, used 17161K [0x0000000082400000, 0x0000000087800000, 0x00000000d6180000)
  object space 86016K, 19% used [0x0000000082400000,0x00000000834c2410,0x0000000087800000)
 Metaspace       used 9815K, capacity 9970K, committed 9984K, reserved 1058816K
  class space    used 983K, capacity 1019K, committed 1024K, reserved 1048576K
Event: 3.151 GC heap after
Heap after GC invocations=4 (full 0):
 PSYoungGen      total 70656K, used 5117K [0x00000000d6180000, 0x00000000dab80000, 0x0000000100000000)
  eden space 65536K, 0% used [0x00000000d6180000,0x00000000d6180000,0x00000000da180000)
  from space 5120K, 99% used [0x00000000da680000,0x00000000dab7f648,0x00000000dab80000)
  to   space 5120K, 0% used [0x00000000da180000,0x00000000da180000,0x00000000da680000)
 ParOldGen       total 86016K, used 17529K [0x0000000082400000, 0x0000000087800000, 0x00000000d6180000)
  object space 86016K, 20% used [0x0000000082400000,0x000000008351e430,0x0000000087800000)
 Metaspace       used 9815K, capacity 9970K, committed 9984K, reserved 1058816K
  class space    used 983K, capacity 1019K, committed 1024K, reserved 1048576K
}
Event: 3.528 GC heap before
{Heap before GC invocations=5 (full 0):
 PSYoungGen      total 70656K, used 70653K [0x00000000d6180000, 0x00000000dab80000, 0x0000000100000000)
  eden space 65536K, 100% used [0x00000000d6180000,0x00000000da180000,0x00000000da180000)
  from space 5120K, 99% used [0x00000000da680000,0x00000000dab7f648,0x00000000dab80000)
  to   space 5120K, 0% used [0x00000000da180000,0x00000000da180000,0x00000000da680000)
 ParOldGen       total 86016K, used 17529K [0x0000000082400000, 0x0000000087800000, 0x00000000d6180000)
  object space 86016K, 20% used [0x0000000082400000,0x000000008351e430,0x0000000087800000)
 Metaspace       used 9900K, capacity 10034K, committed 10240K, reserved 1058816K
  class space    used 986K, capacity 1019K, committed 1024K, reserved 1048576K
Event: 3.539 GC heap after
Heap after GC invocations=5 (full 0):
 PSYoungGen      total 70656K, used 5099K [0x00000000d6180000, 0x00000000dff80000, 0x0000000100000000)
  eden space 65536K, 0% used [0x00000000d6180000,0x00000000d6180000,0x00000000da180000)
  from space 5120K, 99% used [0x00000000da180000,0x00000000da67ad28,0x00000000da680000)
  to   space 15360K, 0% used [0x00000000df080000,0x00000000df080000,0x00000000dff80000)
 ParOldGen       total 86016K, used 22896K [0x0000000082400000, 0x0000000087800000, 0x00000000d6180000)
  object space 86016K, 26% used [0x0000000082400000,0x0000000083a5c1b8,0x0000000087800000)
 Metaspace       used 9900K, capacity 10034K, committed 10240K, reserved 1058816K
  class space    used 986K, capacity 1019K, committed 1024K, reserved 1048576K
}
Event: 3.789 GC heap before
{Heap before GC invocations=6 (full 0):
 PSYoungGen      total 70656K, used 70635K [0x00000000d6180000, 0x00000000dff80000, 0x0000000100000000)
  eden space 65536K, 100% used [0x00000000d6180000,0x00000000da180000,0x00000000da180000)
  from space 5120K, 99% used [0x00000000da180000,0x00000000da67ad28,0x00000000da680000)
  to   space 15360K, 0% used [0x00000000df080000,0x00000000df080000,0x00000000dff80000)
 ParOldGen       total 86016K, used 22896K [0x0000000082400000, 0x0000000087800000, 0x00000000d6180000)
  object space 86016K, 26% used [0x0000000082400000,0x0000000083a5c1b8,0x0000000087800000)
 Metaspace       used 9922K, capacity 10098K, committed 10240K, reserved 1058816K
  class space    used 986K, capacity 1019K, committed 1024K, reserved 1048576K
Event: 3.799 GC heap after
Heap after GC invocations=6 (full 0):
 PSYoungGen      total 146432K, used 6114K [0x00000000d6180000, 0x00000000dff80000, 0x0000000100000000)
  eden space 131072K, 0% used [0x00000000d6180000,0x00000000d6180000,0x00000000de180000)
  from space 15360K, 39% used [0x00000000df080000,0x00000000df678a28,0x00000000dff80000)
  to   space 15360K, 0% used [0x00000000de180000,0x00000000de180000,0x00000000df080000)
 ParOldGen       total 86016K, used 22904K [0x0000000082400000, 0x0000000087800000, 0x00000000d6180000)
  object space 86016K, 26% used [0x0000000082400000,0x0000000083a5e1b8,0x0000000087800000)
 Metaspace       used 9922K, capacity 10098K, committed 10240K, reserved 1058816K
  class space    used 986K, capacity 1019K, committed 1024K, reserved 1048576K
}

